action: flake8, msg: getenv
cwd: /home/ccj/tp2integrationcontinue
cmd: /home/ccj/tp2integrationcontinue/.tox/flake8/bin/python -m pip install pytest coverage flake8
Collecting pytest
  Using cached pytest-5.4.1-py3-none-any.whl (246 kB)
Collecting coverage
  Using cached coverage-5.0.4-cp37-cp37m-manylinux1_x86_64.whl (227 kB)
Collecting flake8
  Using cached flake8-3.7.9-py2.py3-none-any.whl (69 kB)
Collecting wcwidth
  Using cached wcwidth-0.1.9-py2.py3-none-any.whl (19 kB)
Collecting pluggy<1.0,>=0.12
  Using cached pluggy-0.13.1-py2.py3-none-any.whl (18 kB)
Collecting attrs>=17.4.0
  Using cached attrs-19.3.0-py2.py3-none-any.whl (39 kB)
Collecting packaging
  Using cached packaging-20.3-py2.py3-none-any.whl (37 kB)
Collecting importlib-metadata>=0.12; python_version < "3.8"
  Downloading importlib_metadata-1.6.0-py2.py3-none-any.whl (30 kB)
Collecting py>=1.5.0
  Using cached py-1.8.1-py2.py3-none-any.whl (83 kB)
Collecting more-itertools>=4.0.0
  Using cached more_itertools-8.2.0-py3-none-any.whl (43 kB)
Collecting entrypoints<0.4.0,>=0.3.0
  Using cached entrypoints-0.3-py2.py3-none-any.whl (11 kB)
Collecting pycodestyle<2.6.0,>=2.5.0
  Using cached pycodestyle-2.5.0-py2.py3-none-any.whl (51 kB)
Collecting mccabe<0.7.0,>=0.6.0
  Using cached mccabe-0.6.1-py2.py3-none-any.whl (8.6 kB)
Collecting pyflakes<2.2.0,>=2.1.0
  Using cached pyflakes-2.1.1-py2.py3-none-any.whl (59 kB)
Collecting pyparsing>=2.0.2
  Using cached pyparsing-2.4.6-py2.py3-none-any.whl (67 kB)
Collecting six
  Using cached six-1.14.0-py2.py3-none-any.whl (10 kB)
Collecting zipp>=0.5
  Using cached zipp-3.1.0-py3-none-any.whl (4.9 kB)
Installing collected packages: wcwidth, zipp, importlib-metadata, pluggy, attrs, pyparsing, six, packaging, py, more-itertools, pytest, coverage, entrypoints, pycodestyle, mccabe, pyflakes, flake8
Successfully installed attrs-19.3.0 coverage-5.0.4 entrypoints-0.3 flake8-3.7.9 importlib-metadata-1.6.0 mccabe-0.6.1 more-itertools-8.2.0 packaging-20.3 pluggy-0.13.1 py-1.8.1 pycodestyle-2.5.0 pyflakes-2.1.1 pyparsing-2.4.6 pytest-5.4.1 six-1.14.0 wcwidth-0.1.9 zipp-3.1.0
